Using pre-set license
Built from '2022.3/staging' branch; Version is '2022.3.10f1 (ff3792e53c62) revision 16725906'; Using compiler version '192829333'; Build Type 'Release'
OS: 'Windows 11  (10.0.22621) 64bit CoreSingleLanguage' Language: 'en' Physical Memory: 16087 MB
BatchMode: 1, IsHumanControllingUs: 0, StartBugReporterOnCrash: 0, Is64bit: 1, IsPro: 1

COMMAND LINE ARGUMENTS:
C:\Program Files\Unity\Hub\Editor\2022.3.10f1\Editor\Unity.exe
-adb2
-batchMode
-noUpm
-name
AssetImportWorker0
-projectPath
C:/Users/Admin/Documents/GitHub/UWE-GRD-ScannerSombreUnity/UWE-GRD-ScannerSombreUnity
-logFile
Logs/AssetImportWorker0.log
-srvPort
50363
Successfully changed project path to: C:/Users/Admin/Documents/GitHub/UWE-GRD-ScannerSombreUnity/UWE-GRD-ScannerSombreUnity
C:/Users/Admin/Documents/GitHub/UWE-GRD-ScannerSombreUnity/UWE-GRD-ScannerSombreUnity
[UnityMemory] Configuration Parameters - Can be set up in boot.config
    "memorysetup-bucket-allocator-granularity=16"
    "memorysetup-bucket-allocator-bucket-count=8"
    "memorysetup-bucket-allocator-block-size=33554432"
    "memorysetup-bucket-allocator-block-count=8"
    "memorysetup-main-allocator-block-size=16777216"
    "memorysetup-thread-allocator-block-size=16777216"
    "memorysetup-gfx-main-allocator-block-size=16777216"
    "memorysetup-gfx-thread-allocator-block-size=16777216"
    "memorysetup-cache-allocator-block-size=4194304"
    "memorysetup-typetree-allocator-block-size=2097152"
    "memorysetup-profiler-bucket-allocator-granularity=16"
    "memorysetup-profiler-bucket-allocator-bucket-count=8"
    "memorysetup-profiler-bucket-allocator-block-size=33554432"
    "memorysetup-profiler-bucket-allocator-block-count=8"
    "memorysetup-profiler-allocator-block-size=16777216"
    "memorysetup-profiler-editor-allocator-block-size=1048576"
    "memorysetup-temp-allocator-size-main=16777216"
    "memorysetup-job-temp-allocator-block-size=2097152"
    "memorysetup-job-temp-allocator-block-size-background=1048576"
    "memorysetup-job-temp-allocator-reduction-small-platforms=262144"
    "memorysetup-allocator-temp-initial-block-size-main=262144"
    "memorysetup-allocator-temp-initial-block-size-worker=262144"
    "memorysetup-temp-allocator-size-background-worker=32768"
    "memorysetup-temp-allocator-size-job-worker=262144"
    "memorysetup-temp-allocator-size-preload-manager=33554432"
    "memorysetup-temp-allocator-size-nav-mesh-worker=65536"
    "memorysetup-temp-allocator-size-audio-worker=65536"
    "memorysetup-temp-allocator-size-cloud-worker=32768"
    "memorysetup-temp-allocator-size-gi-baking-worker=262144"
    "memorysetup-temp-allocator-size-gfx=262144"
Player connection [21776] Host "[IP] 172.16.8.167 [Port] 0 [Flags] 2 [Guid] 314319333 [EditorId] 314319333 [Version] 1048832 [Id] WindowsEditor(7,MSI) [Debug] 1 [PackageName] WindowsEditor [ProjectName] Editor" joined multi-casting on [225.0.0.222:54997]...

Player connection [21776] Host "[IP] 172.16.8.167 [Port] 0 [Flags] 2 [Guid] 314319333 [EditorId] 314319333 [Version] 1048832 [Id] WindowsEditor(7,MSI) [Debug] 1 [PackageName] WindowsEditor [ProjectName] Editor" joined alternative multi-casting on [225.0.0.222:34997]...

[Physics::Module] Initialized MultithreadedJobDispatcher with 11 workers.
Refreshing native plugins compatible for Editor in 182.47 ms, found 3 plugins.
Preloading 0 native plugins for Editor in 0.00 ms.
Initialize engine version: 2022.3.10f1 (ff3792e53c62)
[Subsystems] Discovering subsystems at path C:/Program Files/Unity/Hub/Editor/2022.3.10f1/Editor/Data/Resources/UnitySubsystems
[Subsystems] Discovering subsystems at path C:/Users/Admin/Documents/GitHub/UWE-GRD-ScannerSombreUnity/UWE-GRD-ScannerSombreUnity/Assets
GfxDevice: creating device client; threaded=0; jobified=0
Direct3D:
    Version:  Direct3D 11.0 [level 11.1]
    Renderer: NVIDIA GeForce RTX 4060 Laptop GPU (ID=0x28a0)
    Vendor:   NVIDIA
    VRAM:     7971 MB
    Driver:   31.0.15.3742
Initialize mono
Mono path[0] = 'C:/Program Files/Unity/Hub/Editor/2022.3.10f1/Editor/Data/Managed'
Mono path[1] = 'C:/Program Files/Unity/Hub/Editor/2022.3.10f1/Editor/Data/MonoBleedingEdge/lib/mono/unityjit-win32'
Mono config path = 'C:/Program Files/Unity/Hub/Editor/2022.3.10f1/Editor/Data/MonoBleedingEdge/etc'
Using monoOptions --debugger-agent=transport=dt_socket,embedding=1,server=y,suspend=n,address=127.0.0.1:56948
Begin MonoManager ReloadAssembly
Registering precompiled unity dll's ...
Register platform support module: C:/Program Files/Unity/Hub/Editor/2022.3.10f1/Editor/Data/PlaybackEngines/WebGLSupport/UnityEditor.WebGL.Extensions.dll
Register platform support module: C:/Program Files/Unity/Hub/Editor/2022.3.10f1/Editor/Data/PlaybackEngines/WindowsStandaloneSupport/UnityEditor.WindowsStandalone.Extensions.dll
Registered in 0.007731 seconds.
- Loaded All Assemblies, in  3.137 seconds
Native extension for WindowsStandalone target not found
Native extension for WebGL target not found
Mono: successfully reloaded assembly
- Finished resetting the current domain, in  0.210 seconds
Domain Reload Profiling: 3345ms
	BeginReloadAssembly (191ms)
		ExecutionOrderSort (0ms)
		DisableScriptedObjects (0ms)
		BackupInstance (0ms)
		ReleaseScriptingObjects (0ms)
		CreateAndSetChildDomain (1ms)
	RebuildCommonClasses (748ms)
	RebuildNativeTypeToScriptingClass (9ms)
	initialDomainReloadingComplete (51ms)
	LoadAllAssembliesAndSetupDomain (2136ms)
		LoadAssemblies (189ms)
		RebuildTransferFunctionScriptingTraits (0ms)
		AnalyzeDomain (2134ms)
			TypeCache.Refresh (2133ms)
				TypeCache.ScanAssembly (1445ms)
			ScanForSourceGeneratedMonoScriptInfo (0ms)
			ResolveRequiredComponents (0ms)
	FinalizeReload (210ms)
		ReleaseScriptCaches (0ms)
		RebuildScriptCaches (0ms)
		SetupLoadedEditorAssemblies (161ms)
			LogAssemblyErrors (0ms)
			InitializePlatformSupportModulesInManaged (9ms)
			SetLoadedEditorAssemblies (4ms)
			RefreshPlugins (0ms)
			BeforeProcessingInitializeOnLoad (2ms)
			ProcessInitializeOnLoadAttributes (100ms)
			ProcessInitializeOnLoadMethodAttributes (47ms)
			AfterProcessingInitializeOnLoad (0ms)
			EditorAssembliesLoaded (0ms)
		ExecutionOrderSort2 (0ms)
		AwakeInstancesAfterBackupRestoration (0ms)
========================================================================
Worker process is ready to serve import requests
Begin MonoManager ReloadAssembly
- Loaded All Assemblies, in  5.671 seconds
Refreshing native plugins compatible for Editor in 3.63 ms, found 3 plugins.
Native extension for WindowsStandalone target not found
Native extension for WebGL target not found
Package Manager log level set to [2]
[Package Manager] Server::EnsureServerProcessIsRunning -- launch failed, reason: Unity was launched with the -noUpm command-line argument
[Package Manager] UpmClient::Send -- Unable to send message (not connected to UPM process).
[Package Manager] Cannot connect to Unity Package Manager local server
Mono: successfully reloaded assembly
- Finished resetting the current domain, in  0.669 seconds
Domain Reload Profiling: 6336ms
	BeginReloadAssembly (133ms)
		ExecutionOrderSort (0ms)
		DisableScriptedObjects (4ms)
		BackupInstance (0ms)
		ReleaseScriptingObjects (0ms)
		CreateAndSetChildDomain (17ms)
	RebuildCommonClasses (25ms)
	RebuildNativeTypeToScriptingClass (8ms)
	initialDomainReloadingComplete (37ms)
	LoadAllAssembliesAndSetupDomain (5463ms)
		LoadAssemblies (5139ms)
		RebuildTransferFunctionScriptingTraits (0ms)
		AnalyzeDomain (408ms)
			TypeCache.Refresh (375ms)
				TypeCache.ScanAssembly (192ms)
			ScanForSourceGeneratedMonoScriptInfo (23ms)
			ResolveRequiredComponents (7ms)
	FinalizeReload (669ms)
		ReleaseScriptCaches (0ms)
		RebuildScriptCaches (0ms)
		SetupLoadedEditorAssemblies (500ms)
			LogAssemblyErrors (0ms)
			InitializePlatformSupportModulesInManaged (5ms)
			SetLoadedEditorAssemblies (4ms)
			RefreshPlugins (0ms)
			BeforeProcessingInitializeOnLoad (72ms)
			ProcessInitializeOnLoadAttributes (379ms)
			ProcessInitializeOnLoadMethodAttributes (33ms)
			AfterProcessingInitializeOnLoad (6ms)
			EditorAssembliesLoaded (0ms)
		ExecutionOrderSort2 (0ms)
		AwakeInstancesAfterBackupRestoration (6ms)
Launched and connected shader compiler UnityShaderCompiler.exe after 0.06 seconds
Refreshing native plugins compatible for Editor in 31.25 ms, found 3 plugins.
Preloading 0 native plugins for Editor in 0.00 ms.
Unloading 6449 Unused Serialized files (Serialized files now loaded: 0)
Unloading 208 unused Assets / (13.1 MB). Loaded Objects now: 6787.
Memory consumption went from 253.0 MB to 239.9 MB.
Total: 18.811200 ms (FindLiveObjects: 2.585400 ms CreateObjectMapping: 0.637700 ms MarkObjects: 8.476400 ms  DeleteObjects: 7.109000 ms)

AssetImportParameters requested are different than current active one (requested -> active):
  custom:container-demuxer-ogg: 62fdf1f143b41e24485cea50d1cbac27 -> 
  custom:framework-win-MediaFoundation: 216162199b28c13a410421893ffa2e32 -> 
  custom:container-muxer-webm: aa71ff27fc2769a1b78a27578f13a17b -> 
  custom:video-decoder-webm-vp8: 9c59270c3fd7afecdb556c50c9e8de78 -> 
  custom:SearchIndexIgnoredProperties: e643bd26f0fe6173181afceb89e7c659 -> 
  custom:AudioImporter_EditorPlatform: d09bf68614088b80899f8185d706f6e7 -> 
  custom:audio-decoder-ogg-vorbis: bf7c407c2cedff20999df2af8eb42d56 -> 
  custom:audio-encoder-webm-vorbis: bf7c407c2cedff20999df2af8eb42d56 -> 
  custom:video-codec-MediaFoundation-h265: 746d11721c4dcdbdad8f713fa42b33f4 -> 
  custom:video-decoder-ogg-theora: a1e56fd34408186e4bbccfd4996cb3dc -> 
  custom:CustomObjectIndexerAttribute: 756ad292c208cfabdd7b50bc23989ffe -> 
  custom:container-demuxer-webm: 4f35f7cbe854078d1ac9338744f61a02 -> 
  custom:video-encoder-webm-vp8: eb34c28f22e8b96e1ab97ce403110664 -> 
========================================================================
Received Import Request.
  Time since last request: 1150.667950 seconds.
  path: Assets/VFX_Graph
  artifactKey: Guid(c4265ea4b170c66439be9558f0a53e2b) Importer(815301076,1909f56bfc062723c751e8b465ee728b)
Start importing Assets/VFX_Graph using Guid(c4265ea4b170c66439be9558f0a53e2b) Importer(815301076,1909f56bfc062723c751e8b465ee728b)  -> (artifact id: '1105a704e8bf53969218869ebe0c9ff2') in 0.003228 seconds
Number of updated asset objects reloaded before import = 0
Number of asset objects unloaded after import = 0
========================================================================
Received Import Request.
  Time since last request: 45.386361 seconds.
  path: Assets/VFX_Graph/Lidar.vfx
  artifactKey: Guid(e82e6b90509ae71498fe3eb8141ef09d) Importer(815301076,1909f56bfc062723c751e8b465ee728b)
Start importing Assets/VFX_Graph/Lidar.vfx using Guid(e82e6b90509ae71498fe3eb8141ef09d) Importer(815301076,1909f56bfc062723c751e8b465ee728b)  -> (artifact id: '2759d27d434ce5467a7e0861525ea203') in 0.017005 seconds
Number of updated asset objects reloaded before import = 0
Number of asset objects unloaded after import = 1
========================================================================
Received Import Request.
  Time since last request: 70.857342 seconds.
  path: Assets/Prefab
  artifactKey: Guid(da0014b43708ce849a05c9716f231dbc) Importer(815301076,1909f56bfc062723c751e8b465ee728b)
Start importing Assets/Prefab using Guid(da0014b43708ce849a05c9716f231dbc) Importer(815301076,1909f56bfc062723c751e8b465ee728b)  -> (artifact id: '9519972f9e5dd6152ea2242efdf6a261') in 0.000562 seconds
Number of updated asset objects reloaded before import = 0
Number of asset objects unloaded after import = 0
========================================================================
Received Import Request.
  Time since last request: 5.029075 seconds.
  path: Assets/Prefab/Player.prefab
  artifactKey: Guid(845a48e352971f84d835349d22a7f613) Importer(815301076,1909f56bfc062723c751e8b465ee728b)
Start importing Assets/Prefab/Player.prefab using Guid(845a48e352971f84d835349d22a7f613) Importer(815301076,1909f56bfc062723c751e8b465ee728b)  -> (artifact id: '3a2e250a68c5860b33da3e7d7d19db30') in 0.100070 seconds
Number of updated asset objects reloaded before import = 0
Number of asset objects unloaded after import = 22
========================================================================
Received Import Request.
  Time since last request: 2.410016 seconds.
  path: Assets/Prefab/Lidar.prefab
  artifactKey: Guid(7de610d5bd4709241bd4e9b3d7b1a869) Importer(815301076,1909f56bfc062723c751e8b465ee728b)
Start importing Assets/Prefab/Lidar.prefab using Guid(7de610d5bd4709241bd4e9b3d7b1a869) Importer(815301076,1909f56bfc062723c751e8b465ee728b)  -> (artifact id: '0ec87960882f352b6db8bc3a73dbeec7') in 0.014969 seconds
Number of updated asset objects reloaded before import = 0
Number of asset objects unloaded after import = 7
========================================================================
Received Import Request.
  Time since last request: 213.362589 seconds.
  path: Assets/VFX_Graph/Lidar.vfx
  artifactKey: Guid(e82e6b90509ae71498fe3eb8141ef09d) Importer(815301076,1909f56bfc062723c751e8b465ee728b)
Start importing Assets/VFX_Graph/Lidar.vfx using Guid(e82e6b90509ae71498fe3eb8141ef09d) Importer(815301076,1909f56bfc062723c751e8b465ee728b)  -> (artifact id: '80cb579042853bc58b46b7df5c456b33') in 0.001869 seconds
Number of updated asset objects reloaded before import = 0
Number of asset objects unloaded after import = 1
========================================================================
Received Import Request.
  Time since last request: 10.004564 seconds.
  path: Assets/VFX_Graph/Lidar.vfx
  artifactKey: Guid(e82e6b90509ae71498fe3eb8141ef09d) Importer(815301076,1909f56bfc062723c751e8b465ee728b)
Start importing Assets/VFX_Graph/Lidar.vfx using Guid(e82e6b90509ae71498fe3eb8141ef09d) Importer(815301076,1909f56bfc062723c751e8b465ee728b)  -> (artifact id: 'a5bbc861816147bedc67781109af88d0') in 0.001219 seconds
Number of updated asset objects reloaded before import = 0
Number of asset objects unloaded after import = 1
========================================================================
Received Import Request.
  Time since last request: 25.415798 seconds.
  path: Assets/VFX_Graph/Lidar.vfx
  artifactKey: Guid(e82e6b90509ae71498fe3eb8141ef09d) Importer(815301076,1909f56bfc062723c751e8b465ee728b)
Start importing Assets/VFX_Graph/Lidar.vfx using Guid(e82e6b90509ae71498fe3eb8141ef09d) Importer(815301076,1909f56bfc062723c751e8b465ee728b)  -> (artifact id: 'b2dd248c188c0228f9d94cb46ef88dfe') in 0.001030 seconds
Number of updated asset objects reloaded before import = 0
Number of asset objects unloaded after import = 1
========================================================================
Received Import Request.
  Time since last request: 902.157282 seconds.
  path: Assets/VFX_Graph/Lidar.vfx
  artifactKey: Guid(e82e6b90509ae71498fe3eb8141ef09d) Importer(815301076,1909f56bfc062723c751e8b465ee728b)
Start importing Assets/VFX_Graph/Lidar.vfx using Guid(e82e6b90509ae71498fe3eb8141ef09d) Importer(815301076,1909f56bfc062723c751e8b465ee728b)  -> (artifact id: 'fd884e327fabbdf8bd6d7df0ac685594') in 0.001456 seconds
Number of updated asset objects reloaded before import = 0
Number of asset objects unloaded after import = 1
========================================================================
Received Import Request.
  Time since last request: 72.256288 seconds.
  path: Packages/com.unity.visualeffectgraph/Textures/DefaultParticle.tga
  artifactKey: Guid(276d9e395ae18fe40a9b4988549f2349) Importer(815301076,1909f56bfc062723c751e8b465ee728b)
Start importing Packages/com.unity.visualeffectgraph/Textures/DefaultParticle.tga using Guid(276d9e395ae18fe40a9b4988549f2349) Importer(815301076,1909f56bfc062723c751e8b465ee728b)  -> (artifact id: '8d4bf7dc30d341c9caafe2841d1f8c96') in 0.052617 seconds
Number of updated asset objects reloaded before import = 0
Number of asset objects unloaded after import = 2
========================================================================
Received Import Request.
  Time since last request: 0.000047 seconds.
  path: Packages/com.unity.visualeffectgraph/Textures/SignedDistanceField.asset
  artifactKey: Guid(5c2949c31aafddd4e8011ffdebb8fdf7) Importer(815301076,1909f56bfc062723c751e8b465ee728b)
Start importing Packages/com.unity.visualeffectgraph/Textures/SignedDistanceField.asset using Guid(5c2949c31aafddd4e8011ffdebb8fdf7) Importer(815301076,1909f56bfc062723c751e8b465ee728b)  -> (artifact id: '89ca7b0cd5ca074598b88e7a733f61b3') in 0.070021 seconds
Number of updated asset objects reloaded before import = 0
Number of asset objects unloaded after import = 1
========================================================================
Received Import Request.
  Time since last request: 0.000036 seconds.
  path: Packages/com.unity.visualeffectgraph/Textures/Sparkle.tga
  artifactKey: Guid(49cb5aa34272b034d8b754c65d9cdbfa) Importer(815301076,1909f56bfc062723c751e8b465ee728b)
Start importing Packages/com.unity.visualeffectgraph/Textures/Sparkle.tga using Guid(49cb5aa34272b034d8b754c65d9cdbfa) Importer(815301076,1909f56bfc062723c751e8b465ee728b)  -> (artifact id: '76cd48675de05a4378aa8d85cf44d809') in 0.026917 seconds
Number of updated asset objects reloaded before import = 0
Number of asset objects unloaded after import = 2
========================================================================
Received Import Request.
  Time since last request: 0.000021 seconds.
  path: Packages/com.unity.visualeffectgraph/Textures/SimpleSmoke.tga
  artifactKey: Guid(de0fae515169ff246a20d58a8a440ed0) Importer(815301076,1909f56bfc062723c751e8b465ee728b)
Start importing Packages/com.unity.visualeffectgraph/Textures/SimpleSmoke.tga using Guid(de0fae515169ff246a20d58a8a440ed0) Importer(815301076,1909f56bfc062723c751e8b465ee728b)  -> (artifact id: '0d300451884760040a5f3ea5c7d1cefe') in 0.028109 seconds
Number of updated asset objects reloaded before import = 0
Number of asset objects unloaded after import = 2
Editor requested this worker to shutdown with reason: Scaling down because of idle timeout
TcpMessagingSession - receive error: operation aborted. errorcode: 995, details: The I/O operation has been aborted because of either a thread exit or an application request.
AssetImportWorker is now disconnected from the server
Process exiting
Exiting without the bug reporter. Application will terminate with return code 0